d:\project\thirdpartylib\siftgpu\msvc\siftgpu\release_cuda\vc120.pdb
d:\project\thirdpartylib\siftgpu\msvc\siftgpu\release_cuda\pyramidcu.obj
d:\project\thirdpartylib\siftgpu\msvc\siftgpu\release_cuda\cuteximage.obj
d:\project\thirdpartylib\siftgpu\msvc\siftgpu\release_cuda\siftpyramid.obj
d:\project\thirdpartylib\siftgpu\msvc\siftgpu\release_cuda\siftmatchcu.obj
d:\project\thirdpartylib\siftgpu\msvc\siftgpu\release_cuda\siftmatch.obj
d:\project\thirdpartylib\siftgpu\msvc\siftgpu\release_cuda\siftgpu.obj
d:\project\thirdpartylib\siftgpu\msvc\siftgpu\release_cuda\shaderman.obj
d:\project\thirdpartylib\siftgpu\msvc\siftgpu\release_cuda\serversiftgpu.obj
d:\project\thirdpartylib\siftgpu\msvc\siftgpu\release_cuda\pyramidgl.obj
d:\project\thirdpartylib\siftgpu\msvc\siftgpu\release_cuda\programgpu.obj
d:\project\thirdpartylib\siftgpu\msvc\siftgpu\release_cuda\programglsl.obj
d:\project\thirdpartylib\siftgpu\msvc\siftgpu\release_cuda\glteximage.obj
d:\project\thirdpartylib\siftgpu\msvc\siftgpu\release_cuda\globalutil.obj
d:\project\thirdpartylib\siftgpu\msvc\siftgpu\release_cuda\framebufferobject.obj
d:\project\thirdpartylib\siftgpu\bin\siftgpu.dll
d:\project\thirdpartylib\siftgpu\lib\siftgpu.lib
d:\project\thirdpartylib\siftgpu\lib\siftgpu.exp
d:\project\thirdpartylib\siftgpu\msvc\siftgpu\release_cuda\programcu.cu.cache
d:\project\thirdpartylib\siftgpu\msvc\siftgpu\release_cuda\programcu.cu.obj
d:\project\thirdpartylib\siftgpu\msvc\siftgpu\..\..\bin\siftgpu.dll
d:\project\thirdpartylib\siftgpu\msvc\siftgpu\release_cuda\siftgpu_.9252e247.tlog\cl.command.1.tlog
d:\project\thirdpartylib\siftgpu\msvc\siftgpu\release_cuda\siftgpu_.9252e247.tlog\cl.read.1.tlog
d:\project\thirdpartylib\siftgpu\msvc\siftgpu\release_cuda\siftgpu_.9252e247.tlog\cl.write.1.tlog
d:\project\thirdpartylib\siftgpu\msvc\siftgpu\release_cuda\siftgpu_.9252e247.tlog\link.command.1.tlog
d:\project\thirdpartylib\siftgpu\msvc\siftgpu\release_cuda\siftgpu_.9252e247.tlog\link.read.1.tlog
d:\project\thirdpartylib\siftgpu\msvc\siftgpu\release_cuda\siftgpu_.9252e247.tlog\link.write.1.tlog
d:\project\thirdpartylib\siftgpu\msvc\siftgpu\release_cuda\siftgpu_.9252e247.tlog\siftgpu_cuda_enabled.write.1u.tlog
