Build started 2015-02-27 오후 4:42:58.
     1>Project "D:\[Project]\[PhD]\VS2013\[Library]\SiftGPU\msvc\SiftGPU\SiftGPU.vcxproj" on node 2 (Build target(s)).
     1>ClCompile:
         C:\Program Files (x86)\Microsoft Visual Studio 12.0\VC\bin\x86_amd64\CL.exe /c /I../../Include/ /Zi /nologo /W3 /WX- /O2 /Ob1 /Ot /D NDEBUG /D SIFTGPU_EXPORTS /D WIN32 /D _WINDOWS /D _USRDLL /D SIFTGPU_DLL /D DLL_EXPORT /D _CRT_SECURE_NO_DEPRECATE /D SERVER_SIFTGPU_ENABLED /D _VC80_UPGRADE=0x0600 /D _WINDLL /D _MBCS /GF /Gm- /EHsc /MT /GS /Gy /Zc:wchar_t /Zc:forScope /Fo"Release_x64\\" /Fd"Release_x64\vc120.pdb" /Gd /TP /errorReport:prompt ..\..\src\SiftGPU\CLTexImage.cpp ..\..\src\SiftGPU\FrameBufferObject.cpp ..\..\src\SiftGPU\GlobalUtil.cpp ..\..\src\SiftGPU\GLTexImage.cpp ..\..\src\SiftGPU\ProgramCL.cpp ..\..\src\SiftGPU\ProgramGLSL.cpp ..\..\src\SiftGPU\ProgramGPU.cpp ..\..\src\SiftGPU\PyramidCL.cpp ..\..\src\SiftGPU\PyramidGL.cpp ..\..\src\ServerSiftGPU\ServerSiftGPU.cpp ..\..\src\SiftGPU\ShaderMan.cpp ..\..\src\SiftGPU\SiftGPU.cpp ..\..\src\SiftGPU\SiftMatch.cpp ..\..\src\SiftGPU\SiftPyramid.cpp
         CLTexImage.cpp
         FrameBufferObject.cpp
         GlobalUtil.cpp
         GLTexImage.cpp
         ProgramCL.cpp
         ProgramGLSL.cpp
         ProgramGPU.cpp
         PyramidCL.cpp
         PyramidGL.cpp
         ServerSiftGPU.cpp
     1>..\..\src\ServerSiftGPU\ServerSiftGPU.cpp(455): warning C4267: 'argument' : conversion from 'size_t' to 'int', possible loss of data
     1>..\..\src\ServerSiftGPU\ServerSiftGPU.cpp(476): warning C4267: 'argument' : conversion from 'size_t' to 'int', possible loss of data
     1>..\..\src\ServerSiftGPU\ServerSiftGPU.cpp(489): warning C4267: 'argument' : conversion from 'size_t' to 'int', possible loss of data
     1>..\..\src\ServerSiftGPU\ServerSiftGPU.cpp(559): warning C4244: 'argument' : conversion from '__int64' to 'int', possible loss of data
         ShaderMan.cpp
         SiftGPU.cpp
     1>..\..\src\SiftGPU\SiftGPU.cpp(1372): warning C4267: 'return' : conversion from 'size_t' to 'int', possible loss of data
         SiftMatch.cpp
         SiftPyramid.cpp
         Generating Code...
       Link:
         C:\Program Files (x86)\Microsoft Visual Studio 12.0\VC\bin\x86_amd64\link.exe /ERRORREPORT:PROMPT /OUT:"..\..\bin\SiftGPU.dll" /INCREMENTAL:NO /NOLOGO /LIBPATH:../../lib/ opengl32.lib glu32.lib winmm.lib glew64.lib glew64s.lib kernel32.lib user32.lib gdi32.lib winspool.lib comdlg32.lib advapi32.lib shell32.lib ole32.lib oleaut32.lib uuid.lib odbc32.lib odbccp32.lib /DEF:"SiftGPU.def" /MANIFEST /MANIFESTUAC:"level='asInvoker' uiAccess='false'" /manifest:embed /PDB:"Release_x64\/SIFTGPU.pdb" /TLBID:1 /DYNAMICBASE /NXCOMPAT /IMPLIB:"../../lib/SIFTGPU.lib" /MACHINE:X64 /DLL Release_x64\CLTexImage.obj
         Release_x64\FrameBufferObject.obj
         Release_x64\GlobalUtil.obj
         Release_x64\GLTexImage.obj
         Release_x64\ProgramCL.obj
         Release_x64\ProgramGLSL.obj
         Release_x64\ProgramGPU.obj
         Release_x64\PyramidCL.obj
         Release_x64\PyramidGL.obj
         Release_x64\ServerSiftGPU.obj
         Release_x64\ShaderMan.obj
         Release_x64\SiftGPU.obj
         Release_x64\SiftMatch.obj
         Release_x64\SiftPyramid.obj
            Creating library ../../lib/SIFTGPU.lib and object ../../lib/SIFTGPU.exp
         SiftGPU.vcxproj -> D:\[Project]\[PhD]\VS2013\[Library]\SiftGPU\msvc\SiftGPU\..\..\bin\SiftGPU.dll
     1>Done Building Project "D:\[Project]\[PhD]\VS2013\[Library]\SiftGPU\msvc\SiftGPU\SiftGPU.vcxproj" (Build target(s)).

Build succeeded.

Time Elapsed 00:00:05.38
