e:\project\vsiaulslam\src\visualtrcking\visualtracking\x64\release\vc141.pdb
e:\project\vsiaulslam\src\visualtrcking\visualtracking\x64\release\worldmap.obj
e:\project\vsiaulslam\src\visualtrcking\visualtracking\x64\release\visualslamconfigure.obj
e:\project\vsiaulslam\src\visualtrcking\visualtracking\x64\release\tracker.obj
e:\project\vsiaulslam\src\visualtrcking\visualtracking\x64\release\siftgpuwrapper.obj
e:\project\vsiaulslam\src\visualtrcking\visualtracking\x64\release\rigidbody.obj
e:\project\vsiaulslam\src\visualtrcking\visualtracking\x64\release\planeestimator.obj
e:\project\vsiaulslam\src\visualtrcking\visualtracking\x64\release\optimization.obj
e:\project\vsiaulslam\src\visualtrcking\visualtracking\x64\release\mappoint.obj
e:\project\vsiaulslam\src\visualtrcking\visualtracking\x64\release\mapplane.obj
e:\project\vsiaulslam\src\visualtrcking\visualtracking\x64\release\mapmanager.obj
e:\project\vsiaulslam\src\visualtrcking\visualtracking\x64\release\main.obj
e:\project\vsiaulslam\src\visualtrcking\visualtracking\x64\release\keyframe.obj
e:\project\vsiaulslam\src\visualtrcking\visualtracking\x64\release\initializer.obj
e:\project\vsiaulslam\src\visualtrcking\visualtracking\x64\release\imagegrabber.obj
e:\project\vsiaulslam\src\visualtrcking\visualtracking\x64\release\frame.obj
e:\project\vsiaulslam\src\visualtrcking\visualtracking\x64\release\mapline.obj
e:\project\vsiaulslam\src\visualtrcking\visualtracking\x64\release\homography.obj
e:\project\vsiaulslam\src\visualtrcking\visualtracking\x64\release\eightpoint.obj
e:\project\vsiaulslam\src\visualtrcking\x64\release\visualtracking.exe
e:\project\vsiaulslam\src\visualtrcking\x64\release\visualtracking.pdb
e:\project\vsiaulslam\src\visualtrcking\x64\release\visualtracking.ipdb
e:\project\vsiaulslam\src\visualtrcking\x64\release\visualtracking.iobj
e:\project\vsiaulslam\src\visualtrcking\visualtracking\x64\release\visualtracking.tlog\cl.command.1.tlog
e:\project\vsiaulslam\src\visualtrcking\visualtracking\x64\release\visualtracking.tlog\cl.read.1.tlog
e:\project\vsiaulslam\src\visualtrcking\visualtracking\x64\release\visualtracking.tlog\cl.write.1.tlog
e:\project\vsiaulslam\src\visualtrcking\visualtracking\x64\release\visualtracking.tlog\link.command.1.tlog
e:\project\vsiaulslam\src\visualtrcking\visualtracking\x64\release\visualtracking.tlog\link.read.1.tlog
e:\project\vsiaulslam\src\visualtrcking\visualtracking\x64\release\visualtracking.tlog\link.write.1.tlog
e:\project\vsiaulslam\src\visualtrcking\visualtracking\x64\release\visualtracking.tlog\visualtracking.write.1u.tlog
