f:\project\thirdpartylib\siftgpu\msvc\siftgpu\debug_cuda_x64\vc120.pdb
f:\project\thirdpartylib\siftgpu\msvc\siftgpu\debug_cuda_x64\vc120.idb
f:\project\thirdpartylib\siftgpu\msvc\siftgpu\debug_cuda_x64\cuteximage.obj
f:\project\thirdpartylib\siftgpu\msvc\siftgpu\debug_cuda_x64\pyramidcu.obj
f:\project\thirdpartylib\siftgpu\msvc\siftgpu\debug_cuda_x64\framebufferobject.obj
f:\project\thirdpartylib\siftgpu\msvc\siftgpu\debug_cuda_x64\globalutil.obj
f:\project\thirdpartylib\siftgpu\msvc\siftgpu\debug_cuda_x64\glteximage.obj
f:\project\thirdpartylib\siftgpu\msvc\siftgpu\debug_cuda_x64\programglsl.obj
f:\project\thirdpartylib\siftgpu\msvc\siftgpu\debug_cuda_x64\programgpu.obj
f:\project\thirdpartylib\siftgpu\msvc\siftgpu\debug_cuda_x64\pyramidgl.obj
f:\project\thirdpartylib\siftgpu\msvc\siftgpu\debug_cuda_x64\serversiftgpu.obj
f:\project\thirdpartylib\siftgpu\msvc\siftgpu\debug_cuda_x64\shaderman.obj
f:\project\thirdpartylib\siftgpu\msvc\siftgpu\debug_cuda_x64\siftgpu.obj
f:\project\thirdpartylib\siftgpu\msvc\siftgpu\debug_cuda_x64\siftmatch.obj
f:\project\thirdpartylib\siftgpu\msvc\siftgpu\debug_cuda_x64\siftmatchcu.obj
f:\project\thirdpartylib\siftgpu\msvc\siftgpu\debug_cuda_x64\siftpyramid.obj
d:\project\thirdpartylib\siftgpu\msvc\siftgpu\debug_cuda_x64\vc120.pdb
d:\project\thirdpartylib\siftgpu\msvc\siftgpu\debug_cuda_x64\vc120.idb
d:\project\thirdpartylib\siftgpu\msvc\siftgpu\debug_cuda_x64\cuteximage.obj
d:\project\thirdpartylib\siftgpu\msvc\siftgpu\debug_cuda_x64\pyramidcu.obj
d:\project\thirdpartylib\siftgpu\msvc\siftgpu\debug_cuda_x64\framebufferobject.obj
d:\project\thirdpartylib\siftgpu\msvc\siftgpu\debug_cuda_x64\globalutil.obj
d:\project\thirdpartylib\siftgpu\msvc\siftgpu\debug_cuda_x64\glteximage.obj
d:\project\thirdpartylib\siftgpu\msvc\siftgpu\debug_cuda_x64\programglsl.obj
d:\project\thirdpartylib\siftgpu\msvc\siftgpu\debug_cuda_x64\programgpu.obj
d:\project\thirdpartylib\siftgpu\msvc\siftgpu\debug_cuda_x64\pyramidgl.obj
d:\project\thirdpartylib\siftgpu\msvc\siftgpu\debug_cuda_x64\serversiftgpu.obj
d:\project\thirdpartylib\siftgpu\msvc\siftgpu\debug_cuda_x64\shaderman.obj
d:\project\thirdpartylib\siftgpu\msvc\siftgpu\debug_cuda_x64\siftgpu.obj
d:\project\thirdpartylib\siftgpu\msvc\siftgpu\debug_cuda_x64\siftmatch.obj
d:\project\thirdpartylib\siftgpu\msvc\siftgpu\debug_cuda_x64\siftmatchcu.obj
d:\project\thirdpartylib\siftgpu\msvc\siftgpu\debug_cuda_x64\siftpyramid.obj
f:\project\thirdpartylib\siftgpu\bin\siftgpu_d.ilk
f:\project\thirdpartylib\siftgpu\bin\siftgpu_d.dll
f:\project\thirdpartylib\siftgpu\msvc\siftgpu\debug_cuda_x64\siftgpu.pdb
d:\project\thirdpartylib\siftgpu\bin\siftgpu_d.ilk
d:\project\thirdpartylib\siftgpu\bin\siftgpu_d.dll
d:\project\thirdpartylib\siftgpu\msvc\siftgpu\debug_cuda_x64\siftgpu.pdb
f:\project\thirdpartylib\siftgpu\lib\siftgpu_d.lib
f:\project\thirdpartylib\siftgpu\lib\siftgpu_d.exp
d:\project\thirdpartylib\siftgpu\lib\siftgpu_d.lib
d:\project\thirdpartylib\siftgpu\lib\siftgpu_d.exp
d:\project\thirdpartylib\siftgpu\msvc\siftgpu\debug_cuda_x64\programcu.cu.cache
d:\project\thirdpartylib\siftgpu\msvc\siftgpu\debug_cuda_x64\programcu.cu.obj
d:\project\thirdpartylib\siftgpu\msvc\siftgpu\debug_cuda_x64\siftgpu_.9252e247.tlog\cl.command.1.tlog
d:\project\thirdpartylib\siftgpu\msvc\siftgpu\debug_cuda_x64\siftgpu_.9252e247.tlog\cl.read.1.tlog
d:\project\thirdpartylib\siftgpu\msvc\siftgpu\debug_cuda_x64\siftgpu_.9252e247.tlog\cl.write.1.tlog
d:\project\thirdpartylib\siftgpu\msvc\siftgpu\debug_cuda_x64\siftgpu_.9252e247.tlog\link.command.1.tlog
d:\project\thirdpartylib\siftgpu\msvc\siftgpu\debug_cuda_x64\siftgpu_.9252e247.tlog\link.read.1.tlog
d:\project\thirdpartylib\siftgpu\msvc\siftgpu\debug_cuda_x64\siftgpu_.9252e247.tlog\link.write.1.tlog
d:\project\thirdpartylib\siftgpu\msvc\siftgpu\debug_cuda_x64\siftgpu_.9252e247.tlog\siftgpu_cuda_enabled.write.1u.tlog
