Performing C++ SOURCE FILE Test COMPILER_SUPPORTS_CXX11 failed with the following output:
Change Dir: D:/Now/Visual-inertial-SLAM/orbslam-windows-master/build/CMakeFiles/CMakeTmp

Run Build Command(s):C:/Program Files (x86)/Microsoft Visual Studio/2019/Community/MSBuild/Current/Bin/MSBuild.exe cmTC_8f7ae.vcxproj /p:Configuration=Debug /p:Platform=x64 /p:VisualStudioVersion=16.0 /v:m && .NET Framework용 Microsoft (R) Build Engine 버전 16.3.1+1def00d3d
Copyright (C) Microsoft Corporation. All rights reserved.

  Microsoft (R) C/C++ 최적화 컴파일러 버전 19.23.28106.4(x64)
  src.cxx
  Copyright (c) Microsoft Corporation. All rights reserved.
  cl /c /Zi /W0 /WX- /diagnostics:column /Od /Ob0 /D WIN32 /D _WINDOWS /D COMPILER_SUPPORTS_CXX11 /D "CMAKE_INTDIR=\"Debug\"" /D _MBCS /Gm- /EHsc /RTC1 /MDd /GS /fp:precise /Zc:wchar_t /Zc:forScope /Zc:inline /GR /Fo"cmTC_8f7ae.dir\Debug\\" /Fd"cmTC_8f7ae.dir\Debug\vc142.pdb" /Gd /TP /errorReport:queue  -bigobj -std=c++11 "D:\Now\Visual-inertial-SLAM\orbslam-windows-master\build\CMakeFiles\CMakeTmp\src.cxx"
cl : 명령줄 warning D9002: 알 수 없는 '-std=c++11' 옵션을 무시합니다. [D:\Now\Visual-inertial-SLAM\orbslam-windows-master\build\CMakeFiles\CMakeTmp\cmTC_8f7ae.vcxproj]
  cmTC_8f7ae.vcxproj -> D:\Now\Visual-inertial-SLAM\orbslam-windows-master\build\CMakeFiles\CMakeTmp\Debug\cmTC_8f7ae.exe


Source file was:
int main() { return 0; }
Performing C++ SOURCE FILE Test COMPILER_SUPPORTS_CXX0X failed with the following output:
Change Dir: D:/Now/Visual-inertial-SLAM/orbslam-windows-master/build/CMakeFiles/CMakeTmp

Run Build Command(s):C:/Program Files (x86)/Microsoft Visual Studio/2019/Community/MSBuild/Current/Bin/MSBuild.exe cmTC_2dabe.vcxproj /p:Configuration=Debug /p:Platform=x64 /p:VisualStudioVersion=16.0 /v:m && .NET Framework용 Microsoft (R) Build Engine 버전 16.3.1+1def00d3d
Copyright (C) Microsoft Corporation. All rights reserved.

  Microsoft (R) C/C++ 최적화 컴파일러 버전 19.23.28106.4(x64)
  src.cxx
  Copyright (c) Microsoft Corporation. All rights reserved.
  cl /c /Zi /W0 /WX- /diagnostics:column /Od /Ob0 /D WIN32 /D _WINDOWS /D COMPILER_SUPPORTS_CXX0X /D "CMAKE_INTDIR=\"Debug\"" /D _MBCS /Gm- /EHsc /RTC1 /MDd /GS /fp:precise /Zc:wchar_t /Zc:forScope /Zc:inline /GR /Fo"cmTC_2dabe.dir\Debug\\" /Fd"cmTC_2dabe.dir\Debug\vc142.pdb" /Gd /TP /errorReport:queue  -bigobj -std=c++0x "D:\Now\Visual-inertial-SLAM\orbslam-windows-master\build\CMakeFiles\CMakeTmp\src.cxx"
cl : 명령줄 warning D9002: 알 수 없는 '-std=c++0x' 옵션을 무시합니다. [D:\Now\Visual-inertial-SLAM\orbslam-windows-master\build\CMakeFiles\CMakeTmp\cmTC_2dabe.vcxproj]
  cmTC_2dabe.vcxproj -> D:\Now\Visual-inertial-SLAM\orbslam-windows-master\build\CMakeFiles\CMakeTmp\Debug\cmTC_2dabe.exe


Source file was:
int main() { return 0; }
