Build started 2015-02-27 오후 4:42:18.
     1>Project "D:\[Project]\[PhD]\VS2013\[Library]\SiftGPU\msvc\SiftGPU\SiftGPU.vcxproj" on node 2 (Build target(s)).
     1>ClCompile:
         C:\Program Files (x86)\Microsoft Visual Studio 12.0\VC\bin\CL.exe /c /I../../Include/ /ZI /nologo /W3 /WX- /Od /Oy- /D _DEBUG /D DLL_EXPORT /D WIN32 /D _WINDOWS /D _USRDLL /D SIFTGPU_DLL /D _CRT_SECURE_NO_DEPRECATE /D SERVER_SIFTGPU_ENABLED /D _VC80_UPGRADE=0x0600 /D _WINDLL /D _MBCS /Gm /EHsc /RTC1 /MTd /GS /Zc:wchar_t /Zc:forScope /Fo"Debug\\" /Fd"Debug\vc120.pdb" /Gd /TP /analyze- /errorReport:prompt ..\..\src\SiftGPU\PyramidGL.cpp
         PyramidGL.cpp
       Link:
         C:\Program Files (x86)\Microsoft Visual Studio 12.0\VC\bin\link.exe /ERRORREPORT:PROMPT /OUT:"..\..\bin\SiftGPU_d.dll" /INCREMENTAL /NOLOGO /LIBPATH:../../lib/ opengl32.lib glu32.lib winmm.lib glew32.lib glew32s.lib kernel32.lib user32.lib gdi32.lib winspool.lib comdlg32.lib advapi32.lib shell32.lib ole32.lib oleaut32.lib uuid.lib odbc32.lib odbccp32.lib /DEF:"SiftGPU.def" /MANIFEST /MANIFESTUAC:"level='asInvoker' uiAccess='false'" /manifest:embed /DEBUG /PDB:"Debug\/SIFTGPU.pdb" /TLBID:1 /DYNAMICBASE /NXCOMPAT /IMPLIB:"../../lib/SIFTGPU_d.lib" /MACHINE:X86 /SAFESEH /DLL Debug\CLTexImage.obj
         Debug\FrameBufferObject.obj
         Debug\GlobalUtil.obj
         Debug\GLTexImage.obj
         Debug\ProgramCL.obj
         Debug\ProgramGLSL.obj
         Debug\ProgramGPU.obj
         Debug\PyramidCL.obj
         Debug\PyramidGL.obj
         Debug\ServerSiftGPU.obj
         Debug\ShaderMan.obj
         Debug\SiftGPU.obj
         Debug\SiftMatch.obj
         Debug\SiftPyramid.obj
     1>CLTexImage.obj : warning LNK4075: ignoring '/EDITANDCONTINUE' due to '/SAFESEH' specification
            Creating library ../../lib/SIFTGPU_d.lib and object ../../lib/SIFTGPU_d.exp
         SiftGPU.vcxproj -> D:\[Project]\[PhD]\VS2013\[Library]\SiftGPU\msvc\SiftGPU\..\..\bin\SiftGPU_d.dll
     1>Done Building Project "D:\[Project]\[PhD]\VS2013\[Library]\SiftGPU\msvc\SiftGPU\SiftGPU.vcxproj" (Build target(s)).

Build succeeded.

Time Elapsed 00:00:01.06
