d:\project\thirdpartylib\siftgpu\msvc\siftgpu\debug_cuda\vc120.pdb
d:\project\thirdpartylib\siftgpu\msvc\siftgpu\debug_cuda\vc120.idb
d:\project\thirdpartylib\siftgpu\msvc\siftgpu\debug_cuda\cuteximage.obj
d:\project\thirdpartylib\siftgpu\msvc\siftgpu\debug_cuda\pyramidcu.obj
d:\project\thirdpartylib\siftgpu\msvc\siftgpu\debug_cuda\framebufferobject.obj
d:\project\thirdpartylib\siftgpu\msvc\siftgpu\debug_cuda\globalutil.obj
d:\project\thirdpartylib\siftgpu\msvc\siftgpu\debug_cuda\glteximage.obj
d:\project\thirdpartylib\siftgpu\msvc\siftgpu\debug_cuda\programglsl.obj
d:\project\thirdpartylib\siftgpu\msvc\siftgpu\debug_cuda\programgpu.obj
d:\project\thirdpartylib\siftgpu\msvc\siftgpu\debug_cuda\pyramidgl.obj
d:\project\thirdpartylib\siftgpu\msvc\siftgpu\debug_cuda\serversiftgpu.obj
d:\project\thirdpartylib\siftgpu\msvc\siftgpu\debug_cuda\shaderman.obj
d:\project\thirdpartylib\siftgpu\msvc\siftgpu\debug_cuda\siftgpu.obj
d:\project\thirdpartylib\siftgpu\msvc\siftgpu\debug_cuda\siftmatch.obj
d:\project\thirdpartylib\siftgpu\msvc\siftgpu\debug_cuda\siftmatchcu.obj
d:\project\thirdpartylib\siftgpu\msvc\siftgpu\debug_cuda\siftpyramid.obj
d:\project\thirdpartylib\siftgpu\bin\siftgpu_d.ilk
d:\project\thirdpartylib\siftgpu\bin\siftgpu_d.dll
d:\project\thirdpartylib\siftgpu\msvc\siftgpu\debug_cuda\siftgpu.pdb
d:\project\thirdpartylib\siftgpu\lib\siftgpu_d.lib
d:\project\thirdpartylib\siftgpu\lib\siftgpu_d.exp
d:\project\thirdpartylib\siftgpu\msvc\siftgpu\debug_cuda\programcu.cu.cache
d:\project\thirdpartylib\siftgpu\msvc\siftgpu\debug_cuda\programcu.cu.obj
d:\project\thirdpartylib\siftgpu\msvc\siftgpu\..\..\bin\siftgpu_d.dll
d:\project\thirdpartylib\siftgpu\msvc\siftgpu\debug_cuda\siftgpu_.9252e247.tlog\cl.command.1.tlog
d:\project\thirdpartylib\siftgpu\msvc\siftgpu\debug_cuda\siftgpu_.9252e247.tlog\cl.read.1.tlog
d:\project\thirdpartylib\siftgpu\msvc\siftgpu\debug_cuda\siftgpu_.9252e247.tlog\cl.write.1.tlog
d:\project\thirdpartylib\siftgpu\msvc\siftgpu\debug_cuda\siftgpu_.9252e247.tlog\link.command.1.tlog
d:\project\thirdpartylib\siftgpu\msvc\siftgpu\debug_cuda\siftgpu_.9252e247.tlog\link.read.1.tlog
d:\project\thirdpartylib\siftgpu\msvc\siftgpu\debug_cuda\siftgpu_.9252e247.tlog\link.write.1.tlog
d:\project\thirdpartylib\siftgpu\msvc\siftgpu\debug_cuda\siftgpu_.9252e247.tlog\siftgpu_cuda_enabled.write.1u.tlog
