d:\now\visual-inertial-slam\orbslam-windows-master\build\orb_slam2.dir\release\viewer.obj
d:\now\visual-inertial-slam\orbslam-windows-master\build\orb_slam2.dir\release\initializer.obj
d:\now\visual-inertial-slam\orbslam-windows-master\build\orb_slam2.dir\release\sim3solver.obj
d:\now\visual-inertial-slam\orbslam-windows-master\build\orb_slam2.dir\release\keyframedatabase.obj
d:\now\visual-inertial-slam\orbslam-windows-master\build\orb_slam2.dir\release\frame.obj
d:\now\visual-inertial-slam\orbslam-windows-master\build\orb_slam2.dir\release\pnpsolver.obj
d:\now\visual-inertial-slam\orbslam-windows-master\build\orb_slam2.dir\release\optimizer.obj
d:\now\visual-inertial-slam\orbslam-windows-master\build\orb_slam2.dir\release\mapdrawer.obj
d:\now\visual-inertial-slam\orbslam-windows-master\build\orb_slam2.dir\release\map.obj
d:\now\visual-inertial-slam\orbslam-windows-master\build\orb_slam2.dir\release\keyframe.obj
d:\now\visual-inertial-slam\orbslam-windows-master\build\orb_slam2.dir\release\mappoint.obj
d:\now\visual-inertial-slam\orbslam-windows-master\build\orb_slam2.dir\release\converter.obj
d:\now\visual-inertial-slam\orbslam-windows-master\build\orb_slam2.dir\release\framedrawer.obj
d:\now\visual-inertial-slam\orbslam-windows-master\build\orb_slam2.dir\release\orbmatcher.obj
d:\now\visual-inertial-slam\orbslam-windows-master\build\orb_slam2.dir\release\orbextractor.obj
d:\now\visual-inertial-slam\orbslam-windows-master\build\orb_slam2.dir\release\loopclosing.obj
d:\now\visual-inertial-slam\orbslam-windows-master\build\orb_slam2.dir\release\localmapping.obj
d:\now\visual-inertial-slam\orbslam-windows-master\build\orb_slam2.dir\release\tracking.obj
d:\now\visual-inertial-slam\orbslam-windows-master\build\orb_slam2.dir\release\system.obj
d:\now\visual-inertial-slam\orbslam-windows-master\build\cmakefiles\generate.stamp
d:\now\visual-inertial-slam\orbslam-windows-master\build\release\orb_slam2.lib
d:\now\visual-inertial-slam\orbslam-windows-master\build\orb_slam2.dir\release\orb_slam2.tlog\cl.command.1.tlog
d:\now\visual-inertial-slam\orbslam-windows-master\build\orb_slam2.dir\release\orb_slam2.tlog\cl.read.1.tlog
d:\now\visual-inertial-slam\orbslam-windows-master\build\orb_slam2.dir\release\orb_slam2.tlog\cl.write.1.tlog
d:\now\visual-inertial-slam\orbslam-windows-master\build\orb_slam2.dir\release\orb_slam2.tlog\custombuild.command.1.tlog
d:\now\visual-inertial-slam\orbslam-windows-master\build\orb_slam2.dir\release\orb_slam2.tlog\custombuild.read.1.tlog
d:\now\visual-inertial-slam\orbslam-windows-master\build\orb_slam2.dir\release\orb_slam2.tlog\custombuild.write.1.tlog
d:\now\visual-inertial-slam\orbslam-windows-master\build\orb_slam2.dir\release\orb_slam2.tlog\lib-link.read.1.tlog
d:\now\visual-inertial-slam\orbslam-windows-master\build\orb_slam2.dir\release\orb_slam2.tlog\lib-link.write.1.tlog
d:\now\visual-inertial-slam\orbslam-windows-master\build\orb_slam2.dir\release\orb_slam2.tlog\lib.command.1.tlog
