e:\project\vsiaulslam\src\visualtrcking\visualtracking\x64\debug\vc141.pdb
e:\project\vsiaulslam\src\visualtrcking\visualtracking\x64\debug\vc141.idb
e:\project\vsiaulslam\src\visualtrcking\visualtracking\x64\debug\visualslamconfigure.obj
e:\project\vsiaulslam\src\visualtrcking\visualtracking\x64\debug\tracker.obj
e:\project\vsiaulslam\src\visualtrcking\visualtracking\x64\debug\siftgpuwrapper.obj
e:\project\vsiaulslam\src\visualtrcking\visualtracking\x64\debug\rigidbody.obj
e:\project\vsiaulslam\src\visualtrcking\visualtracking\x64\debug\planeestimator.obj
e:\project\vsiaulslam\src\visualtrcking\visualtracking\x64\debug\plane.obj
e:\project\vsiaulslam\src\visualtrcking\visualtracking\x64\debug\optimization.obj
e:\project\vsiaulslam\src\visualtrcking\visualtracking\x64\debug\mappoint.obj
e:\project\vsiaulslam\src\visualtrcking\visualtracking\x64\debug\mapplane.obj
e:\project\vsiaulslam\src\visualtrcking\visualtracking\x64\debug\main.obj
e:\project\vsiaulslam\src\visualtrcking\visualtracking\x64\debug\keyframe.obj
e:\project\vsiaulslam\src\visualtrcking\visualtracking\x64\debug\initializer.obj
e:\project\vsiaulslam\src\visualtrcking\visualtracking\x64\debug\imagegrabber.obj
e:\project\vsiaulslam\src\visualtrcking\visualtracking\x64\debug\frame.obj
e:\project\vsiaulslam\src\visualtrcking\visualtracking\x64\debug\mapline.obj
e:\project\vsiaulslam\src\visualtrcking\visualtracking\x64\debug\homography.obj
e:\project\vsiaulslam\src\visualtrcking\visualtracking\x64\debug\eightpoint.obj
e:\project\vsiaulslam\src\visualtrcking\visualtracking\x64\debug\worldmap.obj
e:\project\vsiaulslam\src\visualtrcking\visualtracking\x64\debug\mapmanager.obj
e:\project\vsiaulslam\src\visualtrcking\x64\debug\visualtracking.exe
e:\project\vsiaulslam\src\visualtrcking\x64\debug\visualtracking.ilk
e:\project\vsiaulslam\src\visualtrcking\x64\debug\visualtracking.pdb
e:\project\vsiaulslam\src\visualtrcking\visualtracking\x64\debug\visualtracking.tlog\cl.command.1.tlog
e:\project\vsiaulslam\src\visualtrcking\visualtracking\x64\debug\visualtracking.tlog\cl.read.1.tlog
e:\project\vsiaulslam\src\visualtrcking\visualtracking\x64\debug\visualtracking.tlog\cl.write.1.tlog
e:\project\vsiaulslam\src\visualtrcking\visualtracking\x64\debug\visualtracking.tlog\link.command.1.tlog
e:\project\vsiaulslam\src\visualtrcking\visualtracking\x64\debug\visualtracking.tlog\link.read.1.tlog
e:\project\vsiaulslam\src\visualtrcking\visualtracking\x64\debug\visualtracking.tlog\link.write.1.tlog
